  Obstacle.cpp
C:\Users\nivuc\source\repos\Flappy Bird Clone\Flappy Bird Clone\Source\Obstacle.cpp(11,75): warning C4244: 'argument': conversion from 'const T' to 'T', possible loss of data
C:\Users\nivuc\source\repos\Flappy Bird Clone\Flappy Bird Clone\Source\Obstacle.cpp(11,75): warning C4244:         with
C:\Users\nivuc\source\repos\Flappy Bird Clone\Flappy Bird Clone\Source\Obstacle.cpp(11,75): warning C4244:         [
C:\Users\nivuc\source\repos\Flappy Bird Clone\Flappy Bird Clone\Source\Obstacle.cpp(11,75): warning C4244:             T=float
C:\Users\nivuc\source\repos\Flappy Bird Clone\Flappy Bird Clone\Source\Obstacle.cpp(11,75): warning C4244:         ]
C:\Users\nivuc\source\repos\Flappy Bird Clone\Flappy Bird Clone\Source\Obstacle.cpp(11,75): warning C4244:         and
C:\Users\nivuc\source\repos\Flappy Bird Clone\Flappy Bird Clone\Source\Obstacle.cpp(11,75): warning C4244:         [
C:\Users\nivuc\source\repos\Flappy Bird Clone\Flappy Bird Clone\Source\Obstacle.cpp(11,75): warning C4244:             T=int
C:\Users\nivuc\source\repos\Flappy Bird Clone\Flappy Bird Clone\Source\Obstacle.cpp(11,75): warning C4244:         ]
C:\Users\nivuc\source\repos\Flappy Bird Clone\Flappy Bird Clone\Source\Obstacle.cpp(11,56): warning C4244: 'argument': conversion from 'const T' to 'T', possible loss of data
C:\Users\nivuc\source\repos\Flappy Bird Clone\Flappy Bird Clone\Source\Obstacle.cpp(11,56): warning C4244:         with
C:\Users\nivuc\source\repos\Flappy Bird Clone\Flappy Bird Clone\Source\Obstacle.cpp(11,56): warning C4244:         [
C:\Users\nivuc\source\repos\Flappy Bird Clone\Flappy Bird Clone\Source\Obstacle.cpp(11,56): warning C4244:             T=float
C:\Users\nivuc\source\repos\Flappy Bird Clone\Flappy Bird Clone\Source\Obstacle.cpp(11,56): warning C4244:         ]
C:\Users\nivuc\source\repos\Flappy Bird Clone\Flappy Bird Clone\Source\Obstacle.cpp(11,56): warning C4244:         and
C:\Users\nivuc\source\repos\Flappy Bird Clone\Flappy Bird Clone\Source\Obstacle.cpp(11,56): warning C4244:         [
C:\Users\nivuc\source\repos\Flappy Bird Clone\Flappy Bird Clone\Source\Obstacle.cpp(11,56): warning C4244:             T=int
C:\Users\nivuc\source\repos\Flappy Bird Clone\Flappy Bird Clone\Source\Obstacle.cpp(11,56): warning C4244:         ]
C:\Users\nivuc\source\repos\Flappy Bird Clone\Flappy Bird Clone\Source\Obstacle.cpp(16,84): warning C4244: 'argument': conversion from 'const T' to 'T', possible loss of data
C:\Users\nivuc\source\repos\Flappy Bird Clone\Flappy Bird Clone\Source\Obstacle.cpp(16,84): warning C4244:         with
C:\Users\nivuc\source\repos\Flappy Bird Clone\Flappy Bird Clone\Source\Obstacle.cpp(16,84): warning C4244:         [
C:\Users\nivuc\source\repos\Flappy Bird Clone\Flappy Bird Clone\Source\Obstacle.cpp(16,84): warning C4244:             T=float
C:\Users\nivuc\source\repos\Flappy Bird Clone\Flappy Bird Clone\Source\Obstacle.cpp(16,84): warning C4244:         ]
C:\Users\nivuc\source\repos\Flappy Bird Clone\Flappy Bird Clone\Source\Obstacle.cpp(16,84): warning C4244:         and
C:\Users\nivuc\source\repos\Flappy Bird Clone\Flappy Bird Clone\Source\Obstacle.cpp(16,84): warning C4244:         [
C:\Users\nivuc\source\repos\Flappy Bird Clone\Flappy Bird Clone\Source\Obstacle.cpp(16,84): warning C4244:             T=int
C:\Users\nivuc\source\repos\Flappy Bird Clone\Flappy Bird Clone\Source\Obstacle.cpp(16,84): warning C4244:         ]
C:\Users\nivuc\source\repos\Flappy Bird Clone\Flappy Bird Clone\Source\Obstacle.cpp(16,62): warning C4244: 'argument': conversion from 'const T' to 'T', possible loss of data
C:\Users\nivuc\source\repos\Flappy Bird Clone\Flappy Bird Clone\Source\Obstacle.cpp(16,62): warning C4244:         with
C:\Users\nivuc\source\repos\Flappy Bird Clone\Flappy Bird Clone\Source\Obstacle.cpp(16,62): warning C4244:         [
C:\Users\nivuc\source\repos\Flappy Bird Clone\Flappy Bird Clone\Source\Obstacle.cpp(16,62): warning C4244:             T=float
C:\Users\nivuc\source\repos\Flappy Bird Clone\Flappy Bird Clone\Source\Obstacle.cpp(16,62): warning C4244:         ]
C:\Users\nivuc\source\repos\Flappy Bird Clone\Flappy Bird Clone\Source\Obstacle.cpp(16,62): warning C4244:         and
C:\Users\nivuc\source\repos\Flappy Bird Clone\Flappy Bird Clone\Source\Obstacle.cpp(16,62): warning C4244:         [
C:\Users\nivuc\source\repos\Flappy Bird Clone\Flappy Bird Clone\Source\Obstacle.cpp(16,62): warning C4244:             T=int
C:\Users\nivuc\source\repos\Flappy Bird Clone\Flappy Bird Clone\Source\Obstacle.cpp(16,62): warning C4244:         ]
  Generating code
  1 of 805 functions ( 0.1%) were compiled, the rest were copied from previous compilation.
    0 functions were new in current compilation
    0 functions had inline decision re-evaluated but remain unchanged
  Finished generating code
  Flappy Bird Clone.vcxproj -> C:\Users\nivuc\source\repos\Flappy Bird Clone\Release\Flappy Bird Clone.exe
